<?xml version="1.0" encoding="UTF-8"?>
<!-- Generated by org.testng.reporters.JUnitXMLReporter -->
<testsuite ignored="4" hostname="LAPTOP-8HGHLQGR" failures="14" tests="22" name="Test" time="41.186" errors="0" timestamp="2024-01-07T20:10:04 IST">
  <testcase classname="org.ictaktest.com.testclass" name="tchme" time="3.867"/>
  <testcase classname="org.ictaktest.com.testclass" name="tcabt" time="4.116"/>
  <testcase classname="org.ictaktest.com.testclass" name="tccou" time="3.357"/>
  <testcase classname="org.ictaktest.com.testclass" name="tcmember" time="3.096"/>
  <testcase classname="org.ictaktest.com.testclass" name="tcevents" time="3.095"/>
  <testcase classname="org.ictaktest.com.testclass" name="tccontact" time="3.358"/>
  <testcase classname="org.ictaktest.com.testclass" name="tccourse" time="0.185"/>
  <testcase classname="org.ictaktest.com.testclass" name="tccourselist" time="0.654">
    <failure type="java.lang.AssertionError" message="expected [Retail] but found [FULL TIME]">
      <![CDATA[java.lang.AssertionError: expected [Retail] but found [FULL TIME]
at org.ictaktest.com.testclass.tccourselist(testclass.java:88)
at java.base/java.util.ArrayList.forEach(ArrayList.java:1511)
... Removed 31 stack frames]]>
    </failure>
  </testcase> <!-- tccourselist -->
  <testcase classname="org.ictaktest.com.testclass" name="tclog" time="3.359"/>
  <testcase classname="org.ictaktest.com.ctestclass" name="tccou" time="0.007">
    <failure type="java.lang.NullPointerException" message="Cannot invoke &amp;quot;org.openqa.selenium.SearchContext.findElement(org.openqa.selenium.By)&amp;quot; because &amp;quot;this.searchContext&amp;quot; is null">
      <![CDATA[java.lang.NullPointerException: Cannot invoke "org.openqa.selenium.SearchContext.findElement(org.openqa.selenium.By)" because "this.searchContext" is null
at org.openqa.selenium.support.pagefactory.DefaultElementLocator.findElement(DefaultElementLocator.java:68)
at org.openqa.selenium.support.pagefactory.internal.LocatingElementHandler.invoke(LocatingElementHandler.java:38)
at jdk.proxy2/jdk.proxy2.$Proxy12.click(Unknown Source)
at org.ictakpages.com.courses.pathtocourses(courses.java:45)
at org.ictaktest.com.ctestclass.tccou(ctestclass.java:14)
at java.base/java.util.ArrayList.forEach(ArrayList.java:1511)
... Removed 25 stack frames]]>
    </failure>
  </testcase> <!-- tccou -->
  <testcase classname="org.ictaktest.com.ctestclass" name="tcinvalid" time="0.003">
    <failure type="java.lang.NullPointerException" message="Cannot invoke &amp;quot;org.openqa.selenium.SearchContext.findElement(org.openqa.selenium.By)&amp;quot; because &amp;quot;this.searchContext&amp;quot; is null">
      <![CDATA[java.lang.NullPointerException: Cannot invoke "org.openqa.selenium.SearchContext.findElement(org.openqa.selenium.By)" because "this.searchContext" is null
at org.openqa.selenium.support.pagefactory.DefaultElementLocator.findElement(DefaultElementLocator.java:68)
at org.openqa.selenium.support.pagefactory.internal.LocatingElementHandler.invoke(LocatingElementHandler.java:38)
at jdk.proxy2/jdk.proxy2.$Proxy12.click(Unknown Source)
at org.ictakpages.com.courses.pathtocourses(courses.java:45)
at org.ictaktest.com.ctestclass.tcinvalid(ctestclass.java:31)
at java.base/java.util.ArrayList.forEach(ArrayList.java:1511)
... Removed 25 stack frames]]>
    </failure>
  </testcase> <!-- tcinvalid -->
  <testcase classname="org.ictaktest.com.ptestclass" name="tcvalid" time="0.005">
    <failure type="java.lang.NullPointerException" message="Cannot invoke &amp;quot;org.openqa.selenium.WebDriver.findElement(org.openqa.selenium.By)&amp;quot; because &amp;quot;this.driver&amp;quot; is null">
      <![CDATA[java.lang.NullPointerException: Cannot invoke "org.openqa.selenium.WebDriver.findElement(org.openqa.selenium.By)" because "this.driver" is null
at org.ictakpages.com.partnership.pathtopartnership(partnership.java:24)
at org.ictaktest.com.ptestclass.tcvalid(ptestclass.java:18)
at java.base/java.util.ArrayList.forEach(ArrayList.java:1511)
... Removed 25 stack frames]]>
    </failure>
  </testcase> <!-- tcvalid -->
  <testcase classname="org.ictaktest.com.ptestclass" name="tcinvalidname" time="0.002">
    <failure type="java.lang.NullPointerException" message="Cannot invoke &amp;quot;org.openqa.selenium.WebDriver.findElement(org.openqa.selenium.By)&amp;quot; because &amp;quot;this.driver&amp;quot; is null">
      <![CDATA[java.lang.NullPointerException: Cannot invoke "org.openqa.selenium.WebDriver.findElement(org.openqa.selenium.By)" because "this.driver" is null
at org.ictakpages.com.partnership.pathtopartnership(partnership.java:24)
at org.ictaktest.com.ptestclass.tcinvalidname(ptestclass.java:42)
at java.base/java.util.ArrayList.forEach(ArrayList.java:1511)
... Removed 25 stack frames]]>
    </failure>
  </testcase> <!-- tcinvalidname -->
  <testcase classname="org.ictaktest.com.ptestclass" name="tcinvalidphn" time="0.002">
    <failure type="java.lang.NullPointerException" message="Cannot invoke &amp;quot;org.openqa.selenium.WebDriver.findElement(org.openqa.selenium.By)&amp;quot; because &amp;quot;this.driver&amp;quot; is null">
      <![CDATA[java.lang.NullPointerException: Cannot invoke "org.openqa.selenium.WebDriver.findElement(org.openqa.selenium.By)" because "this.driver" is null
at org.ictakpages.com.partnership.pathtopartnership(partnership.java:24)
at org.ictaktest.com.ptestclass.tcinvalidphn(ptestclass.java:56)
at java.base/java.util.ArrayList.forEach(ArrayList.java:1511)
... Removed 25 stack frames]]>
    </failure>
  </testcase> <!-- tcinvalidphn -->
  <testcase classname="org.ictaktest.com.ptestclass" name="tcinvalidaddress" time="0.002">
    <failure type="java.lang.NullPointerException" message="Cannot invoke &amp;quot;org.openqa.selenium.WebDriver.findElement(org.openqa.selenium.By)&amp;quot; because &amp;quot;this.driver&amp;quot; is null">
      <![CDATA[java.lang.NullPointerException: Cannot invoke "org.openqa.selenium.WebDriver.findElement(org.openqa.selenium.By)" because "this.driver" is null
at org.ictakpages.com.partnership.pathtopartnership(partnership.java:24)
at org.ictaktest.com.ptestclass.tcinvalidaddress(ptestclass.java:66)
at java.base/java.util.ArrayList.forEach(ArrayList.java:1511)
... Removed 25 stack frames]]>
    </failure>
  </testcase> <!-- tcinvalidaddress -->
  <testcase classname="org.ictaktest.com.ptestclass" name="tcinvalidfirm" time="0.002">
    <failure type="java.lang.NullPointerException" message="Cannot invoke &amp;quot;org.openqa.selenium.WebDriver.findElement(org.openqa.selenium.By)&amp;quot; because &amp;quot;this.driver&amp;quot; is null">
      <![CDATA[java.lang.NullPointerException: Cannot invoke "org.openqa.selenium.WebDriver.findElement(org.openqa.selenium.By)" because "this.driver" is null
at org.ictakpages.com.partnership.pathtopartnership(partnership.java:24)
at org.ictaktest.com.ptestclass.tcinvalidfirm(ptestclass.java:78)
at java.base/java.util.ArrayList.forEach(ArrayList.java:1511)
... Removed 25 stack frames]]>
    </failure>
  </testcase> <!-- tcinvalidfirm -->
  <testcase classname="org.ictaktest.com.ptestclass" name="tcinvaliddis" time="0.002">
    <failure type="java.lang.NullPointerException" message="Cannot invoke &amp;quot;org.openqa.selenium.WebDriver.findElement(org.openqa.selenium.By)&amp;quot; because &amp;quot;this.driver&amp;quot; is null">
      <![CDATA[java.lang.NullPointerException: Cannot invoke "org.openqa.selenium.WebDriver.findElement(org.openqa.selenium.By)" because "this.driver" is null
at org.ictakpages.com.partnership.pathtopartnership(partnership.java:24)
at org.ictaktest.com.ptestclass.tcinvaliddis(ptestclass.java:87)
at java.base/java.util.ArrayList.forEach(ArrayList.java:1511)
... Removed 25 stack frames]]>
    </failure>
  </testcase> <!-- tcinvaliddis -->
  <testcase classname="org.ictaktest.com.ptestclass" name="tcinvalidemp" time="0.002">
    <failure type="java.lang.NullPointerException" message="Cannot invoke &amp;quot;org.openqa.selenium.WebDriver.findElement(org.openqa.selenium.By)&amp;quot; because &amp;quot;this.driver&amp;quot; is null">
      <![CDATA[java.lang.NullPointerException: Cannot invoke "org.openqa.selenium.WebDriver.findElement(org.openqa.selenium.By)" because "this.driver" is null
at org.ictakpages.com.partnership.pathtopartnership(partnership.java:24)
at org.ictaktest.com.ptestclass.tcinvalidemp(ptestclass.java:98)
at java.base/java.util.ArrayList.forEach(ArrayList.java:1511)
... Removed 25 stack frames]]>
    </failure>
  </testcase> <!-- tcinvalidemp -->
  <testcase classname="org.ictaktest.com.ptestclass" name="tcinvalidsq" time="0.002">
    <failure type="java.lang.NullPointerException" message="Cannot invoke &amp;quot;org.openqa.selenium.WebDriver.findElement(org.openqa.selenium.By)&amp;quot; because &amp;quot;this.driver&amp;quot; is null">
      <![CDATA[java.lang.NullPointerException: Cannot invoke "org.openqa.selenium.WebDriver.findElement(org.openqa.selenium.By)" because "this.driver" is null
at org.ictakpages.com.partnership.pathtopartnership(partnership.java:24)
at org.ictaktest.com.ptestclass.tcinvalidsq(ptestclass.java:108)
at java.base/java.util.ArrayList.forEach(ArrayList.java:1511)
... Removed 25 stack frames]]>
    </failure>
  </testcase> <!-- tcinvalidsq -->
  <testcase classname="org.ictaktest.com.ptestclass" name="tcinvalbrief" time="0.001">
    <failure type="java.lang.NullPointerException" message="Cannot invoke &amp;quot;org.openqa.selenium.WebDriver.findElement(org.openqa.selenium.By)&amp;quot; because &amp;quot;this.driver&amp;quot; is null">
      <![CDATA[java.lang.NullPointerException: Cannot invoke "org.openqa.selenium.WebDriver.findElement(org.openqa.selenium.By)" because "this.driver" is null
at org.ictakpages.com.partnership.pathtopartnership(partnership.java:24)
at org.ictaktest.com.ptestclass.tcinvalbrief(ptestclass.java:120)
at java.base/java.util.ArrayList.forEach(ArrayList.java:1511)
... Removed 25 stack frames]]>
    </failure>
  </testcase> <!-- tcinvalbrief -->
  <testcase classname="org.ictaktest.com.ptestclass" name="tcinvalexpects" time="0.002">
    <failure type="java.lang.NullPointerException" message="Cannot invoke &amp;quot;org.openqa.selenium.WebDriver.findElement(org.openqa.selenium.By)&amp;quot; because &amp;quot;this.driver&amp;quot; is null">
      <![CDATA[java.lang.NullPointerException: Cannot invoke "org.openqa.selenium.WebDriver.findElement(org.openqa.selenium.By)" because "this.driver" is null
at org.ictakpages.com.partnership.pathtopartnership(partnership.java:24)
at org.ictaktest.com.ptestclass.tcinvalexpects(ptestclass.java:131)
at java.base/java.util.ArrayList.forEach(ArrayList.java:1511)
... Removed 25 stack frames]]>
    </failure>
  </testcase> <!-- tcinvalexpects -->
  <testcase classname="org.ictaktest.com.ptestclass" name="tcinvalpromoters" time="0.001">
    <failure type="java.lang.NullPointerException" message="Cannot invoke &amp;quot;org.openqa.selenium.WebDriver.findElement(org.openqa.selenium.By)&amp;quot; because &amp;quot;this.driver&amp;quot; is null">
      <![CDATA[java.lang.NullPointerException: Cannot invoke "org.openqa.selenium.WebDriver.findElement(org.openqa.selenium.By)" because "this.driver" is null
at org.ictakpages.com.partnership.pathtopartnership(partnership.java:24)
at org.ictaktest.com.ptestclass.tcinvalpromoters(ptestclass.java:141)
at java.base/java.util.ArrayList.forEach(ArrayList.java:1511)
... Removed 25 stack frames]]>
    </failure>
  </testcase> <!-- tcinvalpromoters -->
  <testcase classname="org.ictaktest.com.testbase" name="@BeforeTest setup" time="0.0">
    <ignored/>
  </testcase> <!-- @BeforeTest setup -->
  <testcase classname="org.ictaktest.com.testbase" name="@BeforeTest setup" time="0.0">
    <ignored/>
  </testcase> <!-- @BeforeTest setup -->
  <testcase classname="org.ictaktest.com.testbase" name="@AfterTest closebrowser" time="0.0">
    <ignored/>
  </testcase> <!-- @AfterTest closebrowser -->
  <testcase classname="org.ictaktest.com.testbase" name="@AfterTest closebrowser" time="0.0">
    <ignored/>
  </testcase> <!-- @AfterTest closebrowser -->
</testsuite> <!-- Test -->
